document.getElementById('schrodingerForm').addEventListener('submit', function(event) {
    event.preventDefault();
    console.log("Form submitted");

    const rMin = parseFloat(document.getElementById('rMin').value);
    const rMax = parseFloat(document.getElementById('rMax').value);
    const numPoints = parseInt(document.getElementById('numPoints').value);
    const time = parseFloat(document.getElementById('time').value);
    const r0 = parseFloat(document.getElementById('r0').value);

    console.log({ rMin, rMax, numPoints, time, r0 });

    const isotopes = {
        "Protium": 1,
        "Deuterium": 1,
        "Tritium": 1
    };

    const r = linspace(rMin, rMax, numPoints);
    let results = '';

    for (const [isotope, Z] of Object.entries(isotopes)) {
        const TISE_energy = solveTISE(r, numPoints, Z);
        console.log(`Energy for ${isotope}: ${TISE_energy}`);
        results += `<p>Estimated energy for ${isotope} (TISE): ${TISE_energy}</p>`;

        const TDSE_prob_density = solveTDSE(r, time, numPoints, Z, r0);
        console.log(`Probability density for ${isotope}: ${TDSE_prob_density}`);
        results += `<p>Estimated probability density for ${isotope} (TDSE) at time ${time}: ${TDSE_prob_density}</p>`;
    }

    document.getElementById('results').innerHTML = results;
});
